<?xml version="1.0" encoding="UTF-8"?>
<!-- Generated by org.testng.reporters.JUnitXMLReporter -->
<testsuite ignored="0" hostname="FC-Shivam.Chaurasi" failures="0" tests="5" name="SingleTest" time="105.75" errors="0" timestamp="2021-09-16T18:26:47 IST">
  <testcase classname="com.fancode.shop.qa.testcase.ShopHomePageTest" name="clickCarouselBannerTest" time="7.625"/>
  <testcase classname="com.fancode.shop.qa.testcase.ShopHomePageTest" name="hamburgerMenuOnClickTest" time="9.187"/>
  <testcase classname="com.fancode.shop.qa.testcase.ShopHomePageTest" name="hamburgerMenuOnCloseClickTest" time="7.416"/>
  <testcase classname="com.fancode.shop.qa.testcase.ShopHomePageTest" name="shopCartOnClickTest" time="9.086"/>
  <testcase classname="com.fancode.shop.qa.testcase.ShopHomePageTest" name="shopCartOnCloseClickTest" time="9.512"/>
</testsuite> <!-- SingleTest -->
