<?xml version="1.0" encoding="UTF-8"?>
<testsuite name="TestSuite" time="48.905" tests="9" errors="0" skipped="0" failures="2">
  <properties>
[...]
</properties>
  <testcase name="collectionProductClickTest" classname="com.fancode.shop.qa.testcase.CollectionPageTest" time="5.368"/>
  <testcase name="clickCarouselBannerTest" classname="com.fancode.shop.qa.testcase.ShopHomePageTest" time="6.58"/>
  <testcase name="fancodeHomePageTitleTest" classname="com.fancode.shop.qa.testcase.FancodeHomePageTest" time="0.669"/>
  <testcase name="hamburgerMenuOnClickTest" classname="com.fancode.shop.qa.testcase.ShopHomePageTest" time="7.291"/>
  <testcase name="shopImageVisibilityTest" classname="com.fancode.shop.qa.testcase.FancodeHomePageTest" time="3.398">
    <failure message="Cannot invoke &quot;org.openqa.selenium.WebElement.isDisplayed()&quot; because &quot;this.shopButton&quot; is null" type="java.lang.NullPointerException">java.lang.NullPointerException: Cannot invoke "org.openqa.selenium.WebElement.isDisplayed()" because "this.shopButton" is null
	at com.fancode.shop.qa.testcase.FancodeHomePageTest.shopImageVisibilityTest(FancodeHomePageTest.java:37)
</failure>
    <system-err><![CDATA[Sep 16, 2021 6:28:06 PM org.openqa.selenium.remote.ProtocolHandshake createSession
INFO: Detected dialect: OSS
]]></system-err>
  </testcase>
  <testcase name="hamburgerMenuOnCloseClickTest" classname="com.fancode.shop.qa.testcase.ShopHomePageTest" time="8.167"/>
  <testcase name="shopOnClickTest" classname="com.fancode.shop.qa.testcase.FancodeHomePageTest" time="0">
    <failure message="Cannot invoke &quot;org.openqa.selenium.WebElement.click()&quot; because &quot;this.shopButton&quot; is null" type="java.lang.NullPointerException">java.lang.NullPointerException: Cannot invoke "org.openqa.selenium.WebElement.click()" because "this.shopButton" is null
	at com.fancode.shop.qa.testcase.FancodeHomePageTest.shopOnClickTest(FancodeHomePageTest.java:44)
</failure>
    <system-err><![CDATA[Sep 16, 2021 6:28:24 PM org.openqa.selenium.remote.ProtocolHandshake createSession
INFO: Detected dialect: OSS
]]></system-err>
  </testcase>
  <testcase name="shopCartOnClickTest" classname="com.fancode.shop.qa.testcase.ShopHomePageTest" time="7.924"/>
  <testcase name="shopCartOnCloseClickTest" classname="com.fancode.shop.qa.testcase.ShopHomePageTest" time="9.508"/>
</testsuite>