<?xml version="1.0" encoding="UTF-8"?>
<!-- Generated by org.testng.reporters.JUnitXMLReporter -->
<testsuite ignored="0" hostname="FC-Shivam.Chaurasi" failures="0" tests="5" name="SingleTestEnv1" time="101.059" errors="0" timestamp="2021-09-16T18:29:01 IST">
  <testcase classname="com.fancode.shop.qa.testcase.ShopHomePageTest" name="clickCarouselBannerTest" time="7.281"/>
  <testcase classname="com.fancode.shop.qa.testcase.ShopHomePageTest" name="hamburgerMenuOnClickTest" time="7.291"/>
  <testcase classname="com.fancode.shop.qa.testcase.ShopHomePageTest" name="hamburgerMenuOnCloseClickTest" time="8.166"/>
  <testcase classname="com.fancode.shop.qa.testcase.ShopHomePageTest" name="shopCartOnClickTest" time="7.924"/>
  <testcase classname="com.fancode.shop.qa.testcase.ShopHomePageTest" name="shopCartOnCloseClickTest" time="9.508"/>
</testsuite> <!-- SingleTestEnv1 -->
